2024-12-19 12:41:07.788 [info] Extension host with pid 788 started
2024-12-19 12:41:07.825 [info] ExtensionService#_doActivateExtension vscode.git-base, startup: true, activationEvent: '*', root cause: vscode.git
2024-12-19 12:41:07.837 [info] Lock '/home/swarm/.vscode-server/data/User/workspaceStorage/02041d4c3255827e81ddf1ed2b915ece/vscode.lock': Lock acquired.
2024-12-19 12:41:07.889 [info] ExtensionService#_doActivateExtension vscode.git, startup: true, activationEvent: '*'
2024-12-19 12:41:07.890 [info] ExtensionService#_doActivateExtension vscode.github, startup: true, activationEvent: '*'
2024-12-19 12:41:08.051 [info] Eager extensions activated
2024-12-19 12:41:08.052 [info] ExtensionService#_doActivateExtension vscode.debug-auto-launch, startup: false, activationEvent: 'onStartupFinished'
2024-12-19 12:41:08.052 [info] ExtensionService#_doActivateExtension vscode.merge-conflict, startup: false, activationEvent: 'onStartupFinished'
2024-12-19 12:41:21.417 [warning] [Decorations] CAPPING events from decorations provider vscode.git 1579
2024-12-19 12:41:21.440 [info] ExtensionService#_doActivateExtension vscode.emmet, startup: false, activationEvent: 'onLanguage'
2024-12-19 12:41:21.689 [warning] [Decorations] CAPPING events from decorations provider vscode.git 1579
2024-12-19 12:41:23.113 [warning] [Decorations] CAPPING events from decorations provider vscode.git 1579
2024-12-19 12:41:28.150 [warning] [Decorations] CAPPING events from decorations provider vscode.git 1579
2024-12-19 12:41:33.189 [warning] [Decorations] CAPPING events from decorations provider vscode.git 1579
2024-12-19 12:41:45.240 [warning] [Decorations] CAPPING events from decorations provider vscode.git 1579
2024-12-19 12:41:45.294 [info] ExtensionService#_doActivateExtension vscode.configuration-editing, startup: false, activationEvent: 'onLanguage:jsonc'
2024-12-19 12:41:45.295 [info] ExtensionService#_doActivateExtension vscode.json-language-features, startup: false, activationEvent: 'onLanguage:jsonc'
2024-12-19 12:41:45.295 [info] ExtensionService#_doActivateExtension vscode.typescript-language-features, startup: false, activationEvent: 'onLanguage:jsonc'
2024-12-19 12:41:50.281 [warning] [Decorations] CAPPING events from decorations provider vscode.git 1582
2024-12-19 12:41:55.323 [warning] [Decorations] CAPPING events from decorations provider vscode.git 1582
2024-12-19 12:47:49.504 [warning] [Decorations] CAPPING events from decorations provider vscode.git 1582
2024-12-19 12:48:00.434 [warning] [Decorations] CAPPING events from decorations provider vscode.git 1582
2024-12-19 12:48:05.473 [warning] [Decorations] CAPPING events from decorations provider vscode.git 1582
2024-12-19 12:48:09.276 [warning] [Decorations] CAPPING events from decorations provider vscode.git 1582
2024-12-19 12:48:09.491 [warning] [Decorations] CAPPING events from decorations provider vscode.git 1582
2024-12-19 12:49:59.290 [warning] [Decorations] CAPPING events from decorations provider vscode.git 1582
2024-12-19 12:50:04.333 [warning] [Decorations] CAPPING events from decorations provider vscode.git 1582
2024-12-19 12:50:08.833 [warning] [Decorations] CAPPING events from decorations provider vscode.git 1582
2024-12-19 12:50:10.379 [info] ExtensionService#_doActivateExtension vscode.npm, startup: false, activationEvent: 'onTerminalQuickFixRequest:ms-vscode.npm-command'
2024-12-19 12:50:14.501 [warning] [Decorations] CAPPING events from decorations provider vscode.git 1582
2024-12-19 12:50:15.685 [info] ExtensionService#_doActivateExtension vscode.extension-editing, startup: false, activationEvent: 'onLanguage:json'
2024-12-19 12:50:18.628 [warning] [Decorations] CAPPING events from decorations provider vscode.git 1582
2024-12-19 12:50:21.109 [warning] [Decorations] CAPPING events from decorations provider vscode.git 1582
2024-12-19 12:50:26.149 [warning] [Decorations] CAPPING events from decorations provider vscode.git 1582
2024-12-19 12:50:31.187 [warning] [Decorations] CAPPING events from decorations provider vscode.git 1582
2024-12-19 12:50:35.326 [warning] [Decorations] CAPPING events from decorations provider vscode.git 1582
2024-12-19 12:50:37.374 [warning] [Decorations] CAPPING events from decorations provider vscode.git 1582
2024-12-19 12:50:40.637 [warning] [Decorations] CAPPING events from decorations provider vscode.git 1582
2024-12-19 12:50:43.014 [warning] [Decorations] CAPPING events from decorations provider vscode.git 1582
2024-12-19 12:50:48.063 [warning] [Decorations] CAPPING events from decorations provider vscode.git 1582
2024-12-19 12:50:53.107 [warning] [Decorations] CAPPING events from decorations provider vscode.git 1582
2024-12-19 12:51:30.750 [warning] [Decorations] CAPPING events from decorations provider vscode.git 1582
2024-12-19 12:51:35.811 [warning] [Decorations] CAPPING events from decorations provider vscode.git 1582
2024-12-19 12:51:40.258 [warning] [Decorations] CAPPING events from decorations provider vscode.git 1582
2024-12-19 12:51:45.311 [warning] [Decorations] CAPPING events from decorations provider vscode.git 1582
2024-12-19 12:51:50.357 [warning] [Decorations] CAPPING events from decorations provider vscode.git 1582
2024-12-19 12:51:53.541 [warning] [Decorations] CAPPING events from decorations provider vscode.git 1582
2024-12-19 12:51:54.027 [warning] [Decorations] CAPPING events from decorations provider vscode.git 1582
2024-12-19 12:51:55.401 [warning] [Decorations] CAPPING events from decorations provider vscode.git 1582
2024-12-19 12:52:00.449 [warning] [Decorations] CAPPING events from decorations provider vscode.git 1582
2024-12-19 12:52:05.488 [warning] [Decorations] CAPPING events from decorations provider vscode.git 1582
2024-12-19 12:52:25.267 [warning] [Decorations] CAPPING events from decorations provider vscode.git 1582
2024-12-19 12:52:30.310 [warning] [Decorations] CAPPING events from decorations provider vscode.git 1582
2024-12-19 12:52:31.783 [warning] [Decorations] CAPPING events from decorations provider vscode.git 1582
2024-12-19 12:53:23.357 [warning] [Decorations] CAPPING events from decorations provider vscode.git 1582
2024-12-19 12:53:28.411 [warning] [Decorations] CAPPING events from decorations provider vscode.git 1582
2024-12-19 12:53:33.451 [warning] [Decorations] CAPPING events from decorations provider vscode.git 1582
2024-12-19 12:53:38.493 [warning] [Decorations] CAPPING events from decorations provider vscode.git 1582
2024-12-19 12:53:43.532 [warning] [Decorations] CAPPING events from decorations provider vscode.git 1582
2024-12-19 12:53:47.987 [warning] [Decorations] CAPPING events from decorations provider vscode.git 1582
2024-12-19 12:53:54.933 [warning] [Decorations] CAPPING events from decorations provider vscode.git 1582
2024-12-19 12:54:19.889 [warning] [Decorations] CAPPING events from decorations provider vscode.git 1582
2024-12-19 12:54:21.939 [warning] [Decorations] CAPPING events from decorations provider vscode.git 1583
2024-12-19 12:54:24.931 [warning] [Decorations] CAPPING events from decorations provider vscode.git 1583
2024-12-19 12:54:48.539 [warning] [Decorations] CAPPING events from decorations provider vscode.git 1583
2024-12-19 12:54:53.025 [warning] [Decorations] CAPPING events from decorations provider vscode.git 1583
